# JRE version: OpenJDK Runtime Environment (17.0.7) (build 17.0.7+0-b2043.56-10550314)
# Java VM: OpenJDK 64-Bit Server VM (17.0.7+0-b2043.56-10550314, mixed mode, tiered, compressed oops, compressed class ptrs, g1 gc, windows-amd64)
GC Precious Log:
 CPUs: 12 total, 12 available
 Memory: 6005M
 Large Page Support: Disabled
 NUMA Support: Disabled
 Compressed Oops: Enabled (Zero based)
 Heap Region Size: 2M
 Heap Min Capacity: 8M
 Heap Initial Capacity: 94M
 Heap Max Capacity: 4G
 Pre-touch: Disabled
 Parallel Workers: 10
 Concurrent Workers: 3
 Concurrent Refinement Workers: 10
 Periodic GC: Disabled
Heap:
 garbage-first heap   total 131072K, used 78661K [0x0000000700000000, 0x0000000800000000)
  region size 2048K, 12 young (24576K), 1 survivors (2048K)
 Metaspace       used 62874K, committed 63488K, reserved 1114112K
  class space    used 8383K, committed 8640K, reserved 1048576K
GC Heap History (20 events):
Event: 5.519 GC heap before
{Heap before GC invocations=11 (full 0):
 garbage-first heap   total 75776K, used 54247K [0x0000000700000000, 0x0000000800000000)
  region size 2048K, 15 young (30720K), 2 survivors (4096K)
 Metaspace       used 46197K, committed 46656K, reserved 1114112K
  class space    used 6058K, committed 6272K, reserved 1048576K
}
Event: 5.521 GC heap after
{Heap after GC invocations=12 (full 0):
 garbage-first heap   total 75776K, used 31322K [0x0000000700000000, 0x0000000800000000)
  region size 2048K, 1 young (2048K), 1 survivors (2048K)
 Metaspace       used 46197K, committed 46656K, reserved 1114112K
  class space    used 6058K, committed 6272K, reserved 1048576K
}
Event: 5.972 GC heap before
{Heap before GC invocations=12 (full 0):
 garbage-first heap   total 75776K, used 55898K [0x0000000700000000, 0x0000000800000000)
  region size 2048K, 14 young (28672K), 1 survivors (2048K)
 Metaspace       used 49324K, committed 49792K, reserved 1114112K
  class space    used 6584K, committed 6784K, reserved 1048576K
}
Event: 5.974 GC heap after
{Heap after GC invocations=13 (full 0):
 garbage-first heap   total 75776K, used 32465K [0x0000000700000000, 0x0000000800000000)
  region size 2048K, 2 young (4096K), 2 survivors (4096K)
 Metaspace       used 49324K, committed 49792K, reserved 1114112K
  class space    used 6584K, committed 6784K, reserved 1048576K
}
Event: 6.704 GC heap before
{Heap before GC invocations=13 (full 0):
 garbage-first heap   total 75776K, used 57041K [0x0000000700000000, 0x0000000800000000)
  region size 2048K, 14 young (28672K), 2 survivors (4096K)
 Metaspace       used 52257K, committed 52672K, reserved 1114112K
  class space    used 7052K, committed 7232K, reserved 1048576K
}
Event: 6.707 GC heap after
{Heap after GC invocations=14 (full 0):
 garbage-first heap   total 75776K, used 33455K [0x0000000700000000, 0x0000000800000000)
  region size 2048K, 2 young (4096K), 2 survivors (4096K)
 Metaspace       used 52257K, committed 52672K, reserved 1114112K
  class space    used 7052K, committed 7232K, reserved 1048576K
}
Event: 7.436 GC heap before
{Heap before GC invocations=14 (full 0):
 garbage-first heap   total 75776K, used 58031K [0x0000000700000000, 0x0000000800000000)
  region size 2048K, 14 young (28672K), 2 survivors (4096K)
 Metaspace       used 53979K, committed 54464K, reserved 1114112K
  class space    used 7277K, committed 7488K, reserved 1048576K
}
Event: 7.439 GC heap after
{Heap after GC invocations=15 (full 0):
 garbage-first heap   total 75776K, used 36049K [0x0000000700000000, 0x0000000800000000)
  region size 2048K, 2 young (4096K), 2 survivors (4096K)
 Metaspace       used 53979K, committed 54464K, reserved 1114112K
  class space    used 7277K, committed 7488K, reserved 1048576K
}
Event: 7.755 GC heap before
{Heap before GC invocations=15 (full 0):
 garbage-first heap   total 75776K, used 52433K [0x0000000700000000, 0x0000000800000000)
  region size 2048K, 11 young (22528K), 2 survivors (4096K)
 Metaspace       used 54401K, committed 54976K, reserved 1114112K
  class space    used 7316K, committed 7616K, reserved 1048576K
}
Event: 7.759 GC heap after
{Heap after GC invocations=16 (full 0):
 garbage-first heap   total 75776K, used 42326K [0x0000000700000000, 0x0000000800000000)
  region size 2048K, 2 young (4096K), 2 survivors (4096K)
 Metaspace       used 54401K, committed 54976K, reserved 1114112K
  class space    used 7316K, committed 7616K, reserved 1048576K
}
Event: 8.052 GC heap before
{Heap before GC invocations=17 (full 0):
 garbage-first heap   total 79872K, used 62806K [0x0000000700000000, 0x0000000800000000)
  region size 2048K, 10 young (20480K), 2 survivors (4096K)
 Metaspace       used 54940K, committed 55488K, reserved 1114112K
  class space    used 7392K, committed 7680K, reserved 1048576K
}
Event: 8.055 GC heap after
{Heap after GC invocations=18 (full 0):
 garbage-first heap   total 79872K, used 56308K [0x0000000700000000, 0x0000000800000000)
  region size 2048K, 2 young (4096K), 2 survivors (4096K)
 Metaspace       used 54940K, committed 55488K, reserved 1114112K
  class space    used 7392K, committed 7680K, reserved 1048576K
}
Event: 8.079 GC heap before
{Heap before GC invocations=18 (full 0):
 garbage-first heap   total 79872K, used 56308K [0x0000000700000000, 0x0000000800000000)
  region size 2048K, 3 young (6144K), 2 survivors (4096K)
 Metaspace       used 55135K, committed 55680K, reserved 1114112K
  class space    used 7416K, committed 7680K, reserved 1048576K
}
Event: 8.081 GC heap after
{Heap after GC invocations=19 (full 0):
 garbage-first heap   total 79872K, used 55929K [0x0000000700000000, 0x0000000800000000)
  region size 2048K, 1 young (2048K), 1 survivors (2048K)
 Metaspace       used 55135K, committed 55680K, reserved 1114112K
  class space    used 7416K, committed 7680K, reserved 1048576K
}
Event: 8.146 GC heap before
{Heap before GC invocations=19 (full 0):
 garbage-first heap   total 79872K, used 60025K [0x0000000700000000, 0x0000000800000000)
  region size 2048K, 4 young (8192K), 1 survivors (2048K)
 Metaspace       used 55497K, committed 56000K, reserved 1114112K
  class space    used 7449K, committed 7680K, reserved 1048576K
}
Event: 8.148 GC heap after
{Heap after GC invocations=20 (full 0):
 garbage-first heap   total 79872K, used 56919K [0x0000000700000000, 0x0000000800000000)
  region size 2048K, 1 young (2048K), 1 survivors (2048K)
 Metaspace       used 55497K, committed 56000K, reserved 1114112K
  class space    used 7449K, committed 7680K, reserved 1048576K
}
Event: 8.245 GC heap before
{Heap before GC invocations=21 (full 0):
 garbage-first heap   total 102400K, used 61015K [0x0000000700000000, 0x0000000800000000)
  region size 2048K, 4 young (8192K), 1 survivors (2048K)
 Metaspace       used 55999K, committed 56576K, reserved 1114112K
  class space    used 7527K, committed 7808K, reserved 1048576K
}
Event: 8.247 GC heap after
{Heap after GC invocations=22 (full 0):
 garbage-first heap   total 131072K, used 57232K [0x0000000700000000, 0x0000000800000000)
  region size 2048K, 1 young (2048K), 1 survivors (2048K)
 Metaspace       used 55999K, committed 56576K, reserved 1114112K
  class space    used 7527K, committed 7808K, reserved 1048576K
}
Event: 9.040 GC heap before
{Heap before GC invocations=22 (full 0):
 garbage-first heap   total 131072K, used 100240K [0x0000000700000000, 0x0000000800000000)
  region size 2048K, 22 young (45056K), 1 survivors (2048K)
 Metaspace       used 60612K, committed 61120K, reserved 1114112K
  class space    used 8091K, committed 8320K, reserved 1048576K
}
Event: 9.042 GC heap after
{Heap after GC invocations=23 (full 0):
 garbage-first heap   total 131072K, used 58181K [0x0000000700000000, 0x0000000800000000)
  region size 2048K, 1 young (2048K), 1 survivors (2048K)
 Metaspace       used 60612K, committed 61120K, reserved 1114112K
  class space    used 8091K, committed 8320K, reserved 1048576K
}

