# JRE version: OpenJDK Runtime Environment (17.0.7) (build 17.0.7+0-b2043.56-10550314)
# Java VM: OpenJDK 64-Bit Server VM (17.0.7+0-b2043.56-10550314, mixed mode, tiered, compressed oops, compressed class ptrs, g1 gc, windows-amd64)
GC Precious Log:
 CPUs: 12 total, 12 available
 Memory: 6005M
 Large Page Support: Disabled
 NUMA Support: Disabled
 Compressed Oops: Enabled (Zero based)
 Heap Region Size: 2M
 Heap Min Capacity: 8M
 Heap Initial Capacity: 94M
 Heap Max Capacity: 3G
 Pre-touch: Disabled
 Parallel Workers: 10
 Concurrent Workers: 3
 Concurrent Refinement Workers: 10
 Periodic GC: Disabled
Heap:
 garbage-first heap   total 190464K, used 112751K [0x0000000740000000, 0x0000000800000000)
  region size 2048K, 11 young (22528K), 3 survivors (6144K)
 Metaspace       used 69663K, committed 70400K, reserved 1114112K
  class space    used 9369K, committed 9728K, reserved 1048576K
GC Heap History (20 events):
Event: 6.363 GC heap before
{Heap before GC invocations=19 (full 0):
 garbage-first heap   total 120832K, used 66513K [0x0000000740000000, 0x0000000800000000)
  region size 2048K, 7 young (14336K), 2 survivors (4096K)
 Metaspace       used 47984K, committed 48512K, reserved 1114112K
  class space    used 6404K, committed 6656K, reserved 1048576K
}
Event: 6.367 GC heap after
{Heap after GC invocations=20 (full 0):
 garbage-first heap   total 120832K, used 60024K [0x0000000740000000, 0x0000000800000000)
  region size 2048K, 3 young (6144K), 3 survivors (6144K)
 Metaspace       used 47984K, committed 48512K, reserved 1114112K
  class space    used 6404K, committed 6656K, reserved 1048576K
}
Event: 6.849 GC heap before
{Heap before GC invocations=21 (full 0):
 garbage-first heap   total 120832K, used 92792K [0x0000000740000000, 0x0000000800000000)
  region size 2048K, 18 young (36864K), 3 survivors (6144K)
 Metaspace       used 50788K, committed 51392K, reserved 1114112K
  class space    used 6691K, committed 6976K, reserved 1048576K
}
Event: 6.852 GC heap after
{Heap after GC invocations=22 (full 0):
 garbage-first heap   total 120832K, used 66423K [0x0000000740000000, 0x0000000800000000)
  region size 2048K, 2 young (4096K), 2 survivors (4096K)
 Metaspace       used 50788K, committed 51392K, reserved 1114112K
  class space    used 6691K, committed 6976K, reserved 1048576K
}
Event: 7.363 GC heap before
{Heap before GC invocations=22 (full 0):
 garbage-first heap   total 120832K, used 95095K [0x0000000740000000, 0x0000000800000000)
  region size 2048K, 16 young (32768K), 2 survivors (4096K)
 Metaspace       used 53300K, committed 53888K, reserved 1114112K
  class space    used 7159K, committed 7424K, reserved 1048576K
}
Event: 7.366 GC heap after
{Heap after GC invocations=23 (full 0):
 garbage-first heap   total 120832K, used 68110K [0x0000000740000000, 0x0000000800000000)
  region size 2048K, 1 young (2048K), 1 survivors (2048K)
 Metaspace       used 53300K, committed 53888K, reserved 1114112K
  class space    used 7159K, committed 7424K, reserved 1048576K
}
Event: 8.013 GC heap before
{Heap before GC invocations=24 (full 0):
 garbage-first heap   total 122880K, used 96782K [0x0000000740000000, 0x0000000800000000)
  region size 2048K, 15 young (30720K), 1 survivors (2048K)
 Metaspace       used 56359K, committed 56960K, reserved 1114112K
  class space    used 7668K, committed 7936K, reserved 1048576K
}
Event: 8.016 GC heap after
{Heap after GC invocations=25 (full 0):
 garbage-first heap   total 122880K, used 69549K [0x0000000740000000, 0x0000000800000000)
  region size 2048K, 2 young (4096K), 2 survivors (4096K)
 Metaspace       used 56359K, committed 56960K, reserved 1114112K
  class space    used 7668K, committed 7936K, reserved 1048576K
}
Event: 8.790 GC heap before
{Heap before GC invocations=25 (full 0):
 garbage-first heap   total 122880K, used 96173K [0x0000000740000000, 0x0000000800000000)
  region size 2048K, 16 young (32768K), 2 survivors (4096K)
 Metaspace       used 57555K, committed 58176K, reserved 1114112K
  class space    used 7805K, committed 8128K, reserved 1048576K
}
Event: 8.794 GC heap after
{Heap after GC invocations=26 (full 0):
 garbage-first heap   total 122880K, used 72452K [0x0000000740000000, 0x0000000800000000)
  region size 2048K, 2 young (4096K), 2 survivors (4096K)
 Metaspace       used 57555K, committed 58176K, reserved 1114112K
  class space    used 7805K, committed 8128K, reserved 1048576K
}
Event: 8.894 GC heap before
{Heap before GC invocations=27 (full 0):
 garbage-first heap   total 131072K, used 76548K [0x0000000740000000, 0x0000000800000000)
  region size 2048K, 6 young (12288K), 2 survivors (4096K)
 Metaspace       used 57612K, committed 58240K, reserved 1114112K
  class space    used 7806K, committed 8128K, reserved 1048576K
}
Event: 8.897 GC heap after
{Heap after GC invocations=28 (full 0):
 garbage-first heap   total 131072K, used 75682K [0x0000000740000000, 0x0000000800000000)
  region size 2048K, 2 young (4096K), 2 survivors (4096K)
 Metaspace       used 57612K, committed 58240K, reserved 1114112K
  class space    used 7806K, committed 8128K, reserved 1048576K
}
Event: 9.019 GC heap before
{Heap before GC invocations=29 (full 0):
 garbage-first heap   total 143360K, used 83874K [0x0000000740000000, 0x0000000800000000)
  region size 2048K, 6 young (12288K), 2 survivors (4096K)
 Metaspace       used 57717K, committed 58368K, reserved 1114112K
  class space    used 7818K, committed 8128K, reserved 1048576K
}
Event: 9.022 GC heap after
{Heap after GC invocations=30 (full 0):
 garbage-first heap   total 143360K, used 84425K [0x0000000740000000, 0x0000000800000000)
  region size 2048K, 2 young (4096K), 2 survivors (4096K)
 Metaspace       used 57717K, committed 58368K, reserved 1114112K
  class space    used 7818K, committed 8128K, reserved 1048576K
}
Event: 9.419 GC heap before
{Heap before GC invocations=31 (full 0):
 garbage-first heap   total 157696K, used 111049K [0x0000000740000000, 0x0000000800000000)
  region size 2048K, 14 young (28672K), 2 survivors (4096K)
 Metaspace       used 59199K, committed 59840K, reserved 1114112K
  class space    used 8017K, committed 8320K, reserved 1048576K
}
Event: 9.422 GC heap after
{Heap after GC invocations=32 (full 0):
 garbage-first heap   total 190464K, used 93911K [0x0000000740000000, 0x0000000800000000)
  region size 2048K, 2 young (4096K), 2 survivors (4096K)
 Metaspace       used 59199K, committed 59840K, reserved 1114112K
  class space    used 8017K, committed 8320K, reserved 1048576K
}
Event: 10.143 GC heap before
{Heap before GC invocations=32 (full 0):
 garbage-first heap   total 190464K, used 134871K [0x0000000740000000, 0x0000000800000000)
  region size 2048K, 23 young (47104K), 2 survivors (4096K)
 Metaspace       used 63729K, committed 64320K, reserved 1114112K
  class space    used 8557K, committed 8832K, reserved 1048576K
}
Event: 10.146 GC heap after
{Heap after GC invocations=33 (full 0):
 garbage-first heap   total 190464K, used 94736K [0x0000000740000000, 0x0000000800000000)
  region size 2048K, 1 young (2048K), 1 survivors (2048K)
 Metaspace       used 63729K, committed 64320K, reserved 1114112K
  class space    used 8557K, committed 8832K, reserved 1048576K
}
Event: 10.787 GC heap before
{Heap before GC invocations=34 (full 0):
 garbage-first heap   total 190464K, used 139792K [0x0000000740000000, 0x0000000800000000)
  region size 2048K, 23 young (47104K), 1 survivors (2048K)
 Metaspace       used 69312K, committed 70080K, reserved 1114112K
  class space    used 9297K, committed 9664K, reserved 1048576K
}
Event: 10.791 GC heap after
{Heap after GC invocations=35 (full 0):
 garbage-first heap   total 190464K, used 100463K [0x0000000740000000, 0x0000000800000000)
  region size 2048K, 3 young (6144K), 3 survivors (6144K)
 Metaspace       used 69312K, committed 70080K, reserved 1114112K
  class space    used 9297K, committed 9664K, reserved 1048576K
}

