# JRE version: OpenJDK Runtime Environment (17.0.7) (build 17.0.7+0-b2043.56-10550314)
# Java VM: OpenJDK 64-Bit Server VM (17.0.7+0-b2043.56-10550314, mixed mode, tiered, compressed oops, compressed class ptrs, g1 gc, windows-amd64)
GC Precious Log:
 CPUs: 12 total, 12 available
 Memory: 6005M
 Large Page Support: Disabled
 NUMA Support: Disabled
 Compressed Oops: Enabled (Zero based)
 Heap Region Size: 2M
 Heap Min Capacity: 8M
 Heap Initial Capacity: 94M
 Heap Max Capacity: 4G
 Pre-touch: Disabled
 Parallel Workers: 10
 Concurrent Workers: 3
 Concurrent Refinement Workers: 10
 Periodic GC: Disabled
Heap:
 garbage-first heap   total 174080K, used 105568K [0x0000000700000000, 0x0000000800000000)
  region size 2048K, 3 young (6144K), 2 survivors (4096K)
 Metaspace       used 74199K, committed 74880K, reserved 1114112K
  class space    used 9980K, committed 10304K, reserved 1048576K
GC Heap History (20 events):
Event: 13.397 GC heap before
{Heap before GC invocations=20 (full 0):
 garbage-first heap   total 122880K, used 95091K [0x0000000700000000, 0x0000000800000000)
  region size 2048K, 17 young (34816K), 3 survivors (6144K)
 Metaspace       used 56902K, committed 57536K, reserved 1114112K
  class space    used 7738K, committed 8000K, reserved 1048576K
}
Event: 13.401 GC heap after
{Heap after GC invocations=21 (full 0):
 garbage-first heap   total 122880K, used 70732K [0x0000000700000000, 0x0000000800000000)
  region size 2048K, 3 young (6144K), 3 survivors (6144K)
 Metaspace       used 56902K, committed 57536K, reserved 1114112K
  class space    used 7738K, committed 8000K, reserved 1048576K
}
Event: 14.232 GC heap before
{Heap before GC invocations=21 (full 0):
 garbage-first heap   total 122880K, used 95308K [0x0000000700000000, 0x0000000800000000)
  region size 2048K, 17 young (34816K), 3 survivors (6144K)
 Metaspace       used 57663K, committed 58368K, reserved 1114112K
  class space    used 7810K, committed 8128K, reserved 1048576K
}
Event: 14.235 GC heap after
{Heap after GC invocations=22 (full 0):
 garbage-first heap   total 122880K, used 75472K [0x0000000700000000, 0x0000000800000000)
  region size 2048K, 3 young (6144K), 3 survivors (6144K)
 Metaspace       used 57663K, committed 58368K, reserved 1114112K
  class space    used 7810K, committed 8128K, reserved 1048576K
}
Event: 14.432 GC heap before
{Heap before GC invocations=23 (full 0):
 garbage-first heap   total 133120K, used 83664K [0x0000000700000000, 0x0000000800000000)
  region size 2048K, 7 young (14336K), 3 survivors (6144K)
 Metaspace       used 57766K, committed 58432K, reserved 1114112K
  class space    used 7822K, committed 8128K, reserved 1048576K
}
Event: 14.436 GC heap after
{Heap after GC invocations=24 (full 0):
 garbage-first heap   total 133120K, used 83636K [0x0000000700000000, 0x0000000800000000)
  region size 2048K, 2 young (4096K), 2 survivors (4096K)
 Metaspace       used 57766K, committed 58432K, reserved 1114112K
  class space    used 7822K, committed 8128K, reserved 1048576K
}
Event: 15.195 GC heap before
{Heap before GC invocations=25 (full 0):
 garbage-first heap   total 151552K, used 106164K [0x0000000700000000, 0x0000000800000000)
  region size 2048K, 12 young (24576K), 2 survivors (4096K)
 Metaspace       used 58914K, committed 59584K, reserved 1114112K
  class space    used 7974K, committed 8320K, reserved 1048576K
}
Event: 15.198 GC heap after
{Heap after GC invocations=26 (full 0):
 garbage-first heap   total 151552K, used 92017K [0x0000000700000000, 0x0000000800000000)
  region size 2048K, 2 young (4096K), 2 survivors (4096K)
 Metaspace       used 58914K, committed 59584K, reserved 1114112K
  class space    used 7974K, committed 8320K, reserved 1048576K
}
Event: 19.906 GC heap before
{Heap before GC invocations=26 (full 0):
 garbage-first heap   total 151552K, used 114545K [0x0000000700000000, 0x0000000800000000)
  region size 2048K, 14 young (28672K), 2 survivors (4096K)
 Metaspace       used 61213K, committed 61952K, reserved 1114112K
  class space    used 8309K, committed 8640K, reserved 1048576K
}
Event: 19.908 GC heap after
{Heap after GC invocations=27 (full 0):
 garbage-first heap   total 151552K, used 92795K [0x0000000700000000, 0x0000000800000000)
  region size 2048K, 1 young (2048K), 1 survivors (2048K)
 Metaspace       used 61213K, committed 61952K, reserved 1114112K
  class space    used 8309K, committed 8640K, reserved 1048576K
}
Event: 20.238 GC heap before
{Heap before GC invocations=28 (full 0):
 garbage-first heap   total 161792K, used 117371K [0x0000000700000000, 0x0000000800000000)
  region size 2048K, 13 young (26624K), 1 survivors (2048K)
 Metaspace       used 63958K, committed 64576K, reserved 1114112K
  class space    used 8581K, committed 8832K, reserved 1048576K
}
Event: 20.240 GC heap after
{Heap after GC invocations=29 (full 0):
 garbage-first heap   total 161792K, used 93278K [0x0000000700000000, 0x0000000800000000)
  region size 2048K, 1 young (2048K), 1 survivors (2048K)
 Metaspace       used 63958K, committed 64576K, reserved 1114112K
  class space    used 8581K, committed 8832K, reserved 1048576K
}
Event: 20.795 GC heap before
{Heap before GC invocations=29 (full 0):
 garbage-first heap   total 161792K, used 128094K [0x0000000700000000, 0x0000000800000000)
  region size 2048K, 18 young (36864K), 1 survivors (2048K)
 Metaspace       used 69079K, committed 69696K, reserved 1114112K
  class space    used 9264K, committed 9536K, reserved 1048576K
}
Event: 20.799 GC heap after
{Heap after GC invocations=30 (full 0):
 garbage-first heap   total 161792K, used 95944K [0x0000000700000000, 0x0000000800000000)
  region size 2048K, 2 young (4096K), 2 survivors (4096K)
 Metaspace       used 69079K, committed 69696K, reserved 1114112K
  class space    used 9264K, committed 9536K, reserved 1048576K
}
Event: 21.103 GC heap before
{Heap before GC invocations=31 (full 0):
 garbage-first heap   total 163840K, used 128712K [0x0000000700000000, 0x0000000800000000)
  region size 2048K, 19 young (38912K), 2 survivors (4096K)
 Metaspace       used 70764K, committed 71488K, reserved 1114112K
  class space    used 9492K, committed 9856K, reserved 1048576K
}
Event: 21.107 GC heap after
{Heap after GC invocations=32 (full 0):
 garbage-first heap   total 163840K, used 99031K [0x0000000700000000, 0x0000000800000000)
  region size 2048K, 3 young (6144K), 3 survivors (6144K)
 Metaspace       used 70764K, committed 71488K, reserved 1114112K
  class space    used 9492K, committed 9856K, reserved 1048576K
}
Event: 21.501 GC heap before
{Heap before GC invocations=32 (full 0):
 garbage-first heap   total 163840K, used 129751K [0x0000000700000000, 0x0000000800000000)
  region size 2048K, 19 young (38912K), 3 survivors (6144K)
 Metaspace       used 73182K, committed 73856K, reserved 1114112K
  class space    used 9805K, committed 10112K, reserved 1048576K
}
Event: 21.506 GC heap after
{Heap after GC invocations=33 (full 0):
 garbage-first heap   total 163840K, used 101137K [0x0000000700000000, 0x0000000800000000)
  region size 2048K, 1 young (2048K), 1 survivors (2048K)
 Metaspace       used 73182K, committed 73856K, reserved 1114112K
  class space    used 9805K, committed 10112K, reserved 1048576K
}
Event: 21.716 GC heap before
{Heap before GC invocations=34 (full 0):
 garbage-first heap   total 174080K, used 111377K [0x0000000700000000, 0x0000000800000000)
  region size 2048K, 7 young (14336K), 1 survivors (2048K)
 Metaspace       used 74141K, committed 74816K, reserved 1114112K
  class space    used 9971K, committed 10304K, reserved 1048576K
}
Event: 21.718 GC heap after
{Heap after GC invocations=35 (full 0):
 garbage-first heap   total 174080K, used 101472K [0x0000000700000000, 0x0000000800000000)
  region size 2048K, 2 young (4096K), 2 survivors (4096K)
 Metaspace       used 74141K, committed 74816K, reserved 1114112K
  class space    used 9971K, committed 10304K, reserved 1048576K
}

