# JRE version: OpenJDK Runtime Environment (17.0.7) (build 17.0.7+0-b2043.56-10550314)
# Java VM: OpenJDK 64-Bit Server VM (17.0.7+0-b2043.56-10550314, mixed mode, tiered, compressed oops, compressed class ptrs, g1 gc, windows-amd64)
GC Precious Log:
 CPUs: 12 total, 12 available
 Memory: 6005M
 Large Page Support: Disabled
 NUMA Support: Disabled
 Compressed Oops: Enabled (Zero based)
 Heap Region Size: 2M
 Heap Min Capacity: 8M
 Heap Initial Capacity: 94M
 Heap Max Capacity: 4G
 Pre-touch: Disabled
 Parallel Workers: 10
 Concurrent Workers: 3
 Concurrent Refinement Workers: 10
 Periodic GC: Disabled
Heap:
 garbage-first heap   total 151552K, used 92529K [0x0000000700000000, 0x0000000800000000)
  region size 2048K, 2 young (4096K), 2 survivors (4096K)
 Metaspace       used 59217K, committed 59904K, reserved 1114112K
  class space    used 8024K, committed 8320K, reserved 1048576K
GC Heap History (20 events):
Event: 5.325 GC heap after
{Heap after GC invocations=16 (full 0):
 garbage-first heap   total 92160K, used 54732K [0x0000000700000000, 0x0000000800000000)
  region size 2048K, 2 young (4096K), 2 survivors (4096K)
 Metaspace       used 42437K, committed 42816K, reserved 1114112K
  class space    used 5704K, committed 5824K, reserved 1048576K
}
Event: 5.438 GC heap before
{Heap before GC invocations=16 (full 0):
 garbage-first heap   total 92160K, used 71116K [0x0000000700000000, 0x0000000800000000)
  region size 2048K, 11 young (22528K), 2 survivors (4096K)
 Metaspace       used 42929K, committed 43328K, reserved 1114112K
  class space    used 5751K, committed 5888K, reserved 1048576K
}
Event: 5.442 GC heap after
{Heap after GC invocations=17 (full 0):
 garbage-first heap   total 92160K, used 56113K [0x0000000700000000, 0x0000000800000000)
  region size 2048K, 2 young (4096K), 2 survivors (4096K)
 Metaspace       used 42929K, committed 43328K, reserved 1114112K
  class space    used 5751K, committed 5888K, reserved 1048576K
}
Event: 5.739 GC heap before
{Heap before GC invocations=18 (full 0):
 garbage-first heap   total 110592K, used 74545K [0x0000000700000000, 0x0000000800000000)
  region size 2048K, 10 young (20480K), 2 survivors (4096K)
 Metaspace       used 45540K, committed 45952K, reserved 1114112K
  class space    used 6026K, committed 6208K, reserved 1048576K
}
Event: 5.742 GC heap after
{Heap after GC invocations=19 (full 0):
 garbage-first heap   total 133120K, used 57207K [0x0000000700000000, 0x0000000800000000)
  region size 2048K, 2 young (4096K), 2 survivors (4096K)
 Metaspace       used 45540K, committed 45952K, reserved 1114112K
  class space    used 6026K, committed 6208K, reserved 1048576K
}
Event: 5.770 GC heap before
{Heap before GC invocations=19 (full 0):
 garbage-first heap   total 133120K, used 59255K [0x0000000700000000, 0x0000000800000000)
  region size 2048K, 3 young (6144K), 2 survivors (4096K)
 Metaspace       used 45734K, committed 46208K, reserved 1114112K
  class space    used 6065K, committed 6272K, reserved 1048576K
}
Event: 5.774 GC heap after
{Heap after GC invocations=20 (full 0):
 garbage-first heap   total 133120K, used 57111K [0x0000000700000000, 0x0000000800000000)
  region size 2048K, 1 young (2048K), 1 survivors (2048K)
 Metaspace       used 45734K, committed 46208K, reserved 1114112K
  class space    used 6065K, committed 6272K, reserved 1048576K
}
Event: 6.222 GC heap before
{Heap before GC invocations=20 (full 0):
 garbage-first heap   total 133120K, used 83735K [0x0000000700000000, 0x0000000800000000)
  region size 2048K, 15 young (30720K), 1 survivors (2048K)
 Metaspace       used 48006K, committed 48576K, reserved 1114112K
  class space    used 6411K, committed 6656K, reserved 1048576K
}
Event: 6.225 GC heap after
{Heap after GC invocations=21 (full 0):
 garbage-first heap   total 133120K, used 59438K [0x0000000700000000, 0x0000000800000000)
  region size 2048K, 2 young (4096K), 2 survivors (4096K)
 Metaspace       used 48006K, committed 48576K, reserved 1114112K
  class space    used 6411K, committed 6656K, reserved 1048576K
}
Event: 6.811 GC heap before
{Heap before GC invocations=21 (full 0):
 garbage-first heap   total 133120K, used 106542K [0x0000000700000000, 0x0000000800000000)
  region size 2048K, 24 young (49152K), 2 survivors (4096K)
 Metaspace       used 51793K, committed 52288K, reserved 1114112K
  class space    used 6887K, committed 7104K, reserved 1048576K
}
Event: 6.814 GC heap after
{Heap after GC invocations=22 (full 0):
 garbage-first heap   total 133120K, used 66665K [0x0000000700000000, 0x0000000800000000)
  region size 2048K, 3 young (6144K), 3 survivors (6144K)
 Metaspace       used 51793K, committed 52288K, reserved 1114112K
  class space    used 6887K, committed 7104K, reserved 1048576K
}
Event: 7.475 GC heap before
{Heap before GC invocations=22 (full 0):
 garbage-first heap   total 133120K, used 107625K [0x0000000700000000, 0x0000000800000000)
  region size 2048K, 23 young (47104K), 3 survivors (6144K)
 Metaspace       used 56096K, committed 56704K, reserved 1114112K
  class space    used 7626K, committed 7872K, reserved 1048576K
}
Event: 7.479 GC heap after
{Heap after GC invocations=23 (full 0):
 garbage-first heap   total 133120K, used 69258K [0x0000000700000000, 0x0000000800000000)
  region size 2048K, 3 young (6144K), 3 survivors (6144K)
 Metaspace       used 56096K, committed 56704K, reserved 1114112K
  class space    used 7626K, committed 7872K, reserved 1048576K
}
Event: 8.281 GC heap before
{Heap before GC invocations=24 (full 0):
 garbage-first heap   total 133120K, used 104074K [0x0000000700000000, 0x0000000800000000)
  region size 2048K, 21 young (43008K), 3 survivors (6144K)
 Metaspace       used 57625K, committed 58304K, reserved 1114112K
  class space    used 7813K, committed 8128K, reserved 1048576K
}
Event: 8.286 GC heap after
{Heap after GC invocations=25 (full 0):
 garbage-first heap   total 133120K, used 74369K [0x0000000700000000, 0x0000000800000000)
  region size 2048K, 3 young (6144K), 3 survivors (6144K)
 Metaspace       used 57625K, committed 58304K, reserved 1114112K
  class space    used 7813K, committed 8128K, reserved 1048576K
}
Event: 8.297 GC heap before
{Heap before GC invocations=25 (full 0):
 garbage-first heap   total 133120K, used 74369K [0x0000000700000000, 0x0000000800000000)
  region size 2048K, 4 young (8192K), 3 survivors (6144K)
 Metaspace       used 57629K, committed 58304K, reserved 1114112K
  class space    used 7813K, committed 8128K, reserved 1048576K
}
Event: 8.300 GC heap after
{Heap after GC invocations=26 (full 0):
 garbage-first heap   total 133120K, used 75843K [0x0000000700000000, 0x0000000800000000)
  region size 2048K, 1 young (2048K), 1 survivors (2048K)
 Metaspace       used 57629K, committed 58304K, reserved 1114112K
  class space    used 7813K, committed 8128K, reserved 1048576K
}
Event: 8.418 GC heap before
{Heap before GC invocations=27 (full 0):
 garbage-first heap   total 141312K, used 84035K [0x0000000700000000, 0x0000000800000000)
  region size 2048K, 5 young (10240K), 1 survivors (2048K)
 Metaspace       used 57736K, committed 58432K, reserved 1114112K
  class space    used 7824K, committed 8128K, reserved 1048576K
}
Event: 8.421 GC heap after
{Heap after GC invocations=28 (full 0):
 garbage-first heap   total 141312K, used 83500K [0x0000000700000000, 0x0000000800000000)
  region size 2048K, 2 young (4096K), 2 survivors (4096K)
 Metaspace       used 57736K, committed 58432K, reserved 1114112K
  class space    used 7824K, committed 8128K, reserved 1048576K
}
Event: 8.761 GC heap before
{Heap before GC invocations=29 (full 0):
 garbage-first heap   total 151552K, used 110124K [0x0000000700000000, 0x0000000800000000)
  region size 2048K, 14 young (28672K), 2 survivors (4096K)
 Metaspace       used 59217K, committed 59904K, reserved 1114112K
  class space    used 8024K, committed 8320K, reserved 1048576K
}

